#
# There is insufficient memory for the Java Runtime Environment to continue.
# Native memory allocation (malloc) failed to allocate 1048576 bytes for AllocateHeap
# Possible reasons:
#   The system is out of physical RAM or swap space
#   The process is running with CompressedOops enabled, and the Java Heap may be blocking the growth of the native heap
# Possible solutions:
#   Reduce memory load on the system
#   Increase physical memory or swap space
#   Check if swap backing store is full
#   Decrease Java heap size (-Xmx/-Xms)
#   Decrease number of Java threads
#   Decrease Java thread stack sizes (-Xss)
#   Set larger code cache with -XX:ReservedCodeCacheSize=
#   JVM is running with Zero Based Compressed Oops mode in which the Java heap is
#     placed in the first 32GB address space. The Java Heap base address is the
#     maximum limit for the native heap growth. Please use -XX:HeapBaseMinAddress
#     to set the Java Heap base and to place the Java Heap above 32GB virtual address.
# This output file may be truncated or incomplete.
#
#  Out of Memory Error (memory/allocation.inline.hpp:61), pid=13836, tid=0x000000000000158c
#
# JRE version:  (8.0_201-b09) (build )
# Java VM: Java HotSpot(TM) 64-Bit Server VM (25.201-b09 mixed mode windows-amd64 compressed oops)
# Failed to write core dump. Minidumps are not enabled by default on client versions of Windows
#

---------------  T H R E A D  ---------------

Current thread (0x0000000002ae3800):  JavaThread "Unknown thread" [_thread_in_vm, id=5516, stack(0x00000000029e0000,0x0000000002ae0000)]

Stack: [0x00000000029e0000,0x0000000002ae0000]
[error occurred during error reporting (printing stack bounds), id 0xc0000005]

Native frames: (J=compiled Java code, j=interpreted, Vv=VM code, C=native code)


---------------  P R O C E S S  ---------------

Java Threads: ( => current thread )

Other Threads:

=>0x0000000002ae3800 (exited) JavaThread "Unknown thread" [_thread_in_vm, id=5516, stack(0x00000000029e0000,0x0000000002ae0000)]

VM state:not at safepoint (normal execution)

VM Mutex/Monitor currently owned by a thread: None

heap address: 0x00000006c2400000, size: 4060 MB, Compressed Oops mode: Zero based, Oop shift amount: 3
Narrow klass base: 0x0000000000000000, Narrow klass shift: 3
Compressed class space size: 1073741824 Address: 0x00000007c0000000

Heap:
 PSYoungGen      total 75776K, used 1300K [0x000000076b700000, 0x0000000770b80000, 0x00000007c0000000)
  eden space 65024K, 2% used [0x000000076b700000,0x000000076b8451f8,0x000000076f680000)
  from space 10752K, 0% used [0x0000000770100000,0x0000000770100000,0x0000000770b80000)
  to   space 10752K, 0% used [0x000000076f680000,0x000000076f680000,0x0000000770100000)
 ParOldGen       total 173568K, used 0K [0x00000006c2400000, 0x00000006ccd80000, 0x000000076b700000)
  object space 173568K, 0% used [0x00000006c2400000,0x00000006c2400000,0x00000006ccd80000)
 Metaspace       used 775K, capacity 4480K, committed 4480K, reserved 1056768K
  class space    used 76K, capacity 384K, committed 384K, reserved 1048576K

Card table byte_map: [0x0000000011fa0000,0x0000000012790000] byte_map_base: 0x000000000e98e000

Marking Bits: (ParMarkBitMap*) 0x0000000077034ce0
 Begin Bits: [0x00000000134e0000, 0x0000000017450000)
 End Bits:   [0x0000000017450000, 0x000000001b3c0000)

Polling page: 0x0000000001070000

CodeCache: size=245760Kb used=328Kb max_used=328Kb free=245431Kb
 bounds [0x0000000002be0000, 0x0000000002e50000, 0x0000000011be0000]
 total_blobs=58 nmethods=0 adapters=38
 compilation: enabled

Compilation events (0 events):
No events

GC Heap History (0 events):
No events

Deoptimization events (0 events):
No events

Classes redefined (0 events):
No events

Internal exceptions (0 events):
No events

Events (10 events):
Event: 0.028 loading class java/lang/Short
Event: 0.028 loading class java/lang/Short done
Event: 0.028 loading class java/lang/Integer
Event: 0.029 loading class java/lang/Integer done
Event: 0.029 loading class java/lang/Long
Event: 0.029 loading class java/lang/Long done
Event: 0.029 loading class java/lang/NullPointerException
Event: 0.029 loading class java/lang/NullPointerException done
Event: 0.029 loading class java/lang/ArithmeticException
Event: 0.029 loading class java/lang/ArithmeticException done


Dynamic libraries:
0x00007ff697d20000 - 0x00007ff697d57000 	C:\Program Files\Java\jdk1.8.0_201\bin\java.exe
0x00007ffedb410000 - 0x00007ffedb5fd000 	C:\WINDOWS\SYSTEM32\ntdll.dll
0x00007ffedb320000 - 0x00007ffedb3d3000 	C:\WINDOWS\System32\KERNEL32.DLL
0x00007ffed8340000 - 0x00007ffed85d3000 	C:\WINDOWS\System32\KERNELBASE.dll
0x00007ffedb0b0000 - 0x00007ffedb153000 	C:\WINDOWS\System32\ADVAPI32.dll
0x00007ffedb160000 - 0x00007ffedb1fe000 	C:\WINDOWS\System32\msvcrt.dll
0x00007ffedb010000 - 0x00007ffedb0ae000 	C:\WINDOWS\System32\sechost.dll
0x00007ffed9d50000 - 0x00007ffed9e72000 	C:\WINDOWS\System32\RPCRT4.dll
0x00007ffedae70000 - 0x00007ffedb007000 	C:\WINDOWS\System32\USER32.dll
0x00007ffed8120000 - 0x00007ffed8140000 	C:\WINDOWS\System32\win32u.dll
0x00007ffeda360000 - 0x00007ffeda389000 	C:\WINDOWS\System32\GDI32.dll
0x00007ffed7ce0000 - 0x00007ffed7e7a000 	C:\WINDOWS\System32\gdi32full.dll
0x00007ffed7e80000 - 0x00007ffed7f20000 	C:\WINDOWS\System32\msvcp_win.dll
0x00007ffed8240000 - 0x00007ffed833a000 	C:\WINDOWS\System32\ucrtbase.dll
0x00007ffec40b0000 - 0x00007ffec4329000 	C:\WINDOWS\WinSxS\amd64_microsoft.windows.common-controls_6595b64144ccf1df_6.0.17763.437_none_05b63dca071e5dd6\COMCTL32.dll
0x00007ffeda9f0000 - 0x00007ffedad1c000 	C:\WINDOWS\System32\combase.dll
0x00007ffed8140000 - 0x00007ffed81be000 	C:\WINDOWS\System32\bcryptPrimitives.dll
0x00007ffeda5e0000 - 0x00007ffeda60e000 	C:\WINDOWS\System32\IMM32.DLL
0x0000000050020000 - 0x00000000500f1000 	C:\Program Files\Java\jdk1.8.0_201\jre\bin\msvcr100.dll
0x0000000076810000 - 0x00000000770b4000 	C:\Program Files\Java\jdk1.8.0_201\jre\bin\server\jvm.dll
0x00007ffedb200000 - 0x00007ffedb208000 	C:\WINDOWS\System32\PSAPI.DLL
0x00007ffed06c0000 - 0x00007ffed06e4000 	C:\WINDOWS\SYSTEM32\WINMM.dll
0x00007ffec2cc0000 - 0x00007ffec2cc9000 	C:\WINDOWS\SYSTEM32\WSOCK32.dll
0x00007ffecec30000 - 0x00007ffecec3a000 	C:\WINDOWS\SYSTEM32\VERSION.dll
0x00007ffeda980000 - 0x00007ffeda9ed000 	C:\WINDOWS\System32\WS2_32.dll
0x00007ffed0690000 - 0x00007ffed06bd000 	C:\WINDOWS\SYSTEM32\WINMMBASE.dll
0x00007ffed81c0000 - 0x00007ffed820a000 	C:\WINDOWS\System32\cfgmgr32.dll
0x00007ffed0a80000 - 0x00007ffed0a8f000 	C:\Program Files\Java\jdk1.8.0_201\jre\bin\verify.dll
0x00007ffeac190000 - 0x00007ffeac1b9000 	C:\Program Files\Java\jdk1.8.0_201\jre\bin\java.dll
0x00007ffec2850000 - 0x00007ffec2866000 	C:\Program Files\Java\jdk1.8.0_201\jre\bin\zip.dll

VM Arguments:
jvm_args: -Dclassworlds.conf=C:\Program Files\apache-maven-3.6.0\bin\..\bin\m2.conf -Dmaven.home=C:\Program Files\apache-maven-3.6.0\bin\.. -Dlibrary.jansi.path=C:\Program Files\apache-maven-3.6.0\bin\..\lib\jansi-native -Dmaven.multiModuleProjectDirectory=C:\Users\robin\projects\sts\g-end 
java_command: org.codehaus.plexus.classworlds.launcher.Launcher clean install
java_class_path (initial): C:\Program Files\apache-maven-3.6.0\bin\..\boot\plexus-classworlds-2.5.2.jar
Launcher Type: SUN_STANDARD

Environment Variables:
JAVA_HOME=C:\Program Files\Java\jdk1.8.0_201
USERNAME=robin
OS=Windows_NT
PROCESSOR_IDENTIFIER=Intel64 Family 6 Model 158 Stepping 9, GenuineIntel



---------------  S Y S T E M  ---------------

OS: Windows 10.0 , 64 bit Build 17763 (10.0.17763.437)

CPU:total 8 (initial active 8) (4 cores per cpu, 2 threads per core) family 6 model 158 stepping 9, cmov, cx8, fxsr, mmx, sse, sse2, sse3, ssse3, sse4.1, sse4.2, popcnt, avx, avx2, aes, clmul, erms, 3dnowpref, lzcnt, ht, tsc, tscinvbit, bmi1, bmi2, adx

Memory: 4k page, physical 16625656k(6936164k free), swap 17674232k(5144k free)

vm_info: Java HotSpot(TM) 64-Bit Server VM (25.201-b09) for windows-amd64 JRE (1.8.0_201-b09), built on Dec 15 2018 18:36:39 by "java_re" with MS VC++ 10.0 (VS2010)

time: Sun May 05 19:27:00 2019
timezone: Västeuropa, sommartid
elapsed time: 0 seconds (0d 0h 0m 0s)

