#
# There is insufficient memory for the Java Runtime Environment to continue.
# Native memory allocation (malloc) failed to allocate 220416 bytes for Chunk::new
# Possible reasons:
#   The system is out of physical RAM or swap space
#   The process is running with CompressedOops enabled, and the Java Heap may be blocking the growth of the native heap
# Possible solutions:
#   Reduce memory load on the system
#   Increase physical memory or swap space
#   Check if swap backing store is full
#   Decrease Java heap size (-Xmx/-Xms)
#   Decrease number of Java threads
#   Decrease Java thread stack sizes (-Xss)
#   Set larger code cache with -XX:ReservedCodeCacheSize=
#   JVM is running with Zero Based Compressed Oops mode in which the Java heap is
#     placed in the first 32GB address space. The Java Heap base address is the
#     maximum limit for the native heap growth. Please use -XX:HeapBaseMinAddress
#     to set the Java Heap base and to place the Java Heap above 32GB virtual address.
# This output file may be truncated or incomplete.
#
#  Out of Memory Error (allocation.cpp:390), pid=21260, tid=0x0000000000005118
#
# JRE version: Java(TM) SE Runtime Environment (8.0_201-b09) (build 1.8.0_201-b09)
# Java VM: Java HotSpot(TM) 64-Bit Server VM (25.201-b09 mixed mode windows-amd64 compressed oops)
# Failed to write core dump. Minidumps are not enabled by default on client versions of Windows
#

---------------  T H R E A D  ---------------

Current thread (0x000000001c918000):  JavaThread "C2 CompilerThread1" daemon [_thread_in_native, id=20760, stack(0x000000001f0e0000,0x000000001f1e0000)]

Stack: [0x000000001f0e0000,0x000000001f1e0000]
[error occurred during error reporting (printing stack bounds), id 0xc0000005]

Native frames: (J=compiled Java code, j=interpreted, Vv=VM code, C=native code)


Current CompileTask:
C2:    307  317   !   4       sun.misc.URLClassPath$JarLoader::getResource (85 bytes)


---------------  P R O C E S S  ---------------

Java Threads: ( => current thread )
  0x000000001e7a9000 JavaThread "Service Thread" daemon [_thread_blocked, id=19348, stack(0x000000001f3e0000,0x000000001f4e0000)]
  0x000000001e71f000 JavaThread "C1 CompilerThread3" daemon [_thread_blocked, id=6376, stack(0x000000001f2e0000,0x000000001f3e0000)]
  0x000000001c91b000 JavaThread "C2 CompilerThread2" daemon [_thread_in_native, id=18864, stack(0x000000001f1e0000,0x000000001f2e0000)]
=>0x000000001c918000 JavaThread "C2 CompilerThread1" daemon [_thread_in_native, id=20760, stack(0x000000001f0e0000,0x000000001f1e0000)]
  0x000000001e71c800 JavaThread "C2 CompilerThread0" daemon [_thread_in_native, id=13072, stack(0x000000001efe0000,0x000000001f0e0000)]
  0x000000001e71b800 JavaThread "Attach Listener" daemon [_thread_blocked, id=3352, stack(0x000000001eee0000,0x000000001efe0000)]
  0x000000001e71a000 JavaThread "Signal Dispatcher" daemon [_thread_blocked, id=4480, stack(0x000000001ede0000,0x000000001eee0000)]
  0x000000001e700800 JavaThread "Finalizer" daemon [_thread_blocked, id=3952, stack(0x000000001ebe0000,0x000000001ece0000)]
  0x0000000002f47000 JavaThread "Reference Handler" daemon [_thread_blocked, id=13288, stack(0x000000001eae0000,0x000000001ebe0000)]
  0x0000000002e53800 JavaThread "main" [_thread_in_vm, id=21452, stack(0x0000000002d50000,0x0000000002e50000)]

Other Threads:
  0x000000001c909800 VMThread [stack: 0x000000001e5e0000,0x000000001e6e0000] [id=10952]
  0x000000001e7cc800 WatcherThread [stack: 0x000000001f4e0000,0x000000001f5e0000] [id=5964]

VM state:not at safepoint (normal execution)

VM Mutex/Monitor currently owned by a thread: None

heap address: 0x00000006c2400000, size: 4060 MB, Compressed Oops mode: Zero based, Oop shift amount: 3
Narrow klass base: 0x0000000000000000, Narrow klass shift: 3
Compressed class space size: 1073741824 Address: 0x00000007c0000000

Heap:
 PSYoungGen      total 75776K, used 10554K [0x000000076b700000, 0x0000000770b80000, 0x00000007c0000000)
  eden space 65024K, 16% used [0x000000076b700000,0x000000076c14ea70,0x000000076f680000)
  from space 10752K, 0% used [0x0000000770100000,0x0000000770100000,0x0000000770b80000)
  to   space 10752K, 0% used [0x000000076f680000,0x000000076f680000,0x0000000770100000)
 ParOldGen       total 173568K, used 0K [0x00000006c2400000, 0x00000006ccd80000, 0x000000076b700000)
  object space 173568K, 0% used [0x00000006c2400000,0x00000006c2400000,0x00000006ccd80000)
 Metaspace       used 5464K, capacity 5944K, committed 6144K, reserved 1056768K
  class space    used 600K, capacity 668K, committed 768K, reserved 1048576K

Card table byte_map: [0x0000000012310000,0x0000000012b00000] byte_map_base: 0x000000000ecfe000

Marking Bits: (ParMarkBitMap*) 0x0000000077034ce0
 Begin Bits: [0x0000000013850000, 0x00000000177c0000)
 End Bits:   [0x00000000177c0000, 0x000000001b730000)

Polling page: 0x0000000000f00000

CodeCache: size=245760Kb used=2060Kb max_used=2060Kb free=243700Kb
 bounds [0x0000000002f50000, 0x00000000031c0000, 0x0000000011f50000]
 total_blobs=628 nmethods=351 adapters=190
 compilation: enabled

Compilation events (10 events):
Event: 0.270 Thread 0x000000001e71f000  321       1       java.util.TreeMap::access$100 (5 bytes)
Event: 0.270 Thread 0x000000001e71f000 nmethod 321 0x0000000003137250 code [0x00000000031373a0, 0x0000000003137490]
Event: 0.272 Thread 0x000000001e71f000  322       3       sun.misc.PerfCounter::addElapsedTimeFrom (10 bytes)
Event: 0.273 Thread 0x000000001e71f000 nmethod 322 0x0000000003137510 code [0x00000000031376c0, 0x0000000003137e18]
Event: 0.273 Thread 0x000000001e71f000  323       3       java.net.URLStreamHandler::setURL (40 bytes)
Event: 0.273 Thread 0x000000001e71f000 nmethod 323 0x0000000003138190 code [0x0000000003138320, 0x0000000003138718]
Event: 0.273 Thread 0x000000001e71f000  324   !   3       java.net.URL::<init> (543 bytes)
Event: 0.273 Thread 0x000000001c91b000  325  s    4       sun.misc.URLClassPath::getNextLoader (88 bytes)
Event: 0.276 Thread 0x000000001e71f000 nmethod 324 0x00000000031388d0 code [0x0000000003138da0, 0x000000000313c0f8]
Event: 0.276 Thread 0x000000001e71f000  326       3       java.lang.ref.WeakReference::<init> (7 bytes)

GC Heap History (0 events):
No events

Deoptimization events (0 events):
No events

Classes redefined (0 events):
No events

Internal exceptions (6 events):
Event: 0.029 Thread 0x0000000002e53800 Exception <a 'java/lang/NoSuchMethodError': Method sun.misc.Unsafe.defineClass(Ljava/lang/String;[BII)Ljava/lang/Class; name or signature does not match> (0x000000076b707cb0) thrown at [C:\re\workspace\8-2-build-windows-amd64-cygwin\jdk8u201\12322\hotspot
Event: 0.029 Thread 0x0000000002e53800 Exception <a 'java/lang/NoSuchMethodError': Method sun.misc.Unsafe.prefetchRead(Ljava/lang/Object;J)V name or signature does not match> (0x000000076b707f98) thrown at [C:\re\workspace\8-2-build-windows-amd64-cygwin\jdk8u201\12322\hotspot\src\share\vm\prim
Event: 0.182 Thread 0x0000000002e53800 Exception <a 'java/security/PrivilegedActionException'> (0x000000076bc1a208) thrown at [C:\re\workspace\8-2-build-windows-amd64-cygwin\jdk8u201\12322\hotspot\src\share\vm\prims\jvm.cpp, line 1502]
Event: 0.182 Thread 0x0000000002e53800 Exception <a 'java/security/PrivilegedActionException'> (0x000000076bc1a418) thrown at [C:\re\workspace\8-2-build-windows-amd64-cygwin\jdk8u201\12322\hotspot\src\share\vm\prims\jvm.cpp, line 1502]
Event: 0.182 Thread 0x0000000002e53800 Exception <a 'java/security/PrivilegedActionException'> (0x000000076bc1e510) thrown at [C:\re\workspace\8-2-build-windows-amd64-cygwin\jdk8u201\12322\hotspot\src\share\vm\prims\jvm.cpp, line 1502]
Event: 0.182 Thread 0x0000000002e53800 Exception <a 'java/security/PrivilegedActionException'> (0x000000076bc1e720) thrown at [C:\re\workspace\8-2-build-windows-amd64-cygwin\jdk8u201\12322\hotspot\src\share\vm\prims\jvm.cpp, line 1502]

Events (10 events):
Event: 0.274 loading class org/eclipse/sisu/inject/MildConcurrentValues
Event: 0.274 loading class org/eclipse/sisu/inject/MildConcurrentValues done
Event: 0.274 loading class org/eclipse/sisu/inject/MildValues
Event: 0.274 loading class org/eclipse/sisu/inject/MildValues done
Event: 0.275 loading class org/eclipse/sisu/inject/MildValues$Soft
Event: 0.275 loading class org/eclipse/sisu/inject/MildValues$Soft done
Event: 0.276 loading class org/eclipse/sisu/inject/MildValues$InverseMapping
Event: 0.276 loading class org/eclipse/sisu/inject/MildValues$InverseMapping done
Event: 0.276 loading class org/eclipse/sisu/inject/MildKeys$Soft
Event: 0.276 loading class org/eclipse/sisu/inject/MildKeys$Soft done


Dynamic libraries:
0x00007ff697d20000 - 0x00007ff697d57000 	C:\Program Files\Java\jdk1.8.0_201\bin\java.exe
0x00007ffedb410000 - 0x00007ffedb5fd000 	C:\WINDOWS\SYSTEM32\ntdll.dll
0x00007ffedb320000 - 0x00007ffedb3d3000 	C:\WINDOWS\System32\KERNEL32.DLL
0x00007ffed8340000 - 0x00007ffed85d3000 	C:\WINDOWS\System32\KERNELBASE.dll
0x00007ffedb0b0000 - 0x00007ffedb153000 	C:\WINDOWS\System32\ADVAPI32.dll
0x00007ffedb160000 - 0x00007ffedb1fe000 	C:\WINDOWS\System32\msvcrt.dll
0x00007ffedb010000 - 0x00007ffedb0ae000 	C:\WINDOWS\System32\sechost.dll
0x00007ffed9d50000 - 0x00007ffed9e72000 	C:\WINDOWS\System32\RPCRT4.dll
0x00007ffedae70000 - 0x00007ffedb007000 	C:\WINDOWS\System32\USER32.dll
0x00007ffed8120000 - 0x00007ffed8140000 	C:\WINDOWS\System32\win32u.dll
0x00007ffeda360000 - 0x00007ffeda389000 	C:\WINDOWS\System32\GDI32.dll
0x00007ffed7ce0000 - 0x00007ffed7e7a000 	C:\WINDOWS\System32\gdi32full.dll
0x00007ffed7e80000 - 0x00007ffed7f20000 	C:\WINDOWS\System32\msvcp_win.dll
0x00007ffed8240000 - 0x00007ffed833a000 	C:\WINDOWS\System32\ucrtbase.dll
0x00007ffec40b0000 - 0x00007ffec4329000 	C:\WINDOWS\WinSxS\amd64_microsoft.windows.common-controls_6595b64144ccf1df_6.0.17763.437_none_05b63dca071e5dd6\COMCTL32.dll
0x00007ffeda9f0000 - 0x00007ffedad1c000 	C:\WINDOWS\System32\combase.dll
0x00007ffed8140000 - 0x00007ffed81be000 	C:\WINDOWS\System32\bcryptPrimitives.dll
0x00007ffeda5e0000 - 0x00007ffeda60e000 	C:\WINDOWS\System32\IMM32.DLL
0x0000000050020000 - 0x00000000500f1000 	C:\Program Files\Java\jdk1.8.0_201\jre\bin\msvcr100.dll
0x0000000076810000 - 0x00000000770b4000 	C:\Program Files\Java\jdk1.8.0_201\jre\bin\server\jvm.dll
0x00007ffedb200000 - 0x00007ffedb208000 	C:\WINDOWS\System32\PSAPI.DLL
0x00007ffed06c0000 - 0x00007ffed06e4000 	C:\WINDOWS\SYSTEM32\WINMM.dll
0x00007ffec2cc0000 - 0x00007ffec2cc9000 	C:\WINDOWS\SYSTEM32\WSOCK32.dll
0x00007ffecec30000 - 0x00007ffecec3a000 	C:\WINDOWS\SYSTEM32\VERSION.dll
0x00007ffeda980000 - 0x00007ffeda9ed000 	C:\WINDOWS\System32\WS2_32.dll
0x00007ffed0690000 - 0x00007ffed06bd000 	C:\WINDOWS\SYSTEM32\WINMMBASE.dll
0x00007ffed81c0000 - 0x00007ffed820a000 	C:\WINDOWS\System32\cfgmgr32.dll
0x00007ffed0a80000 - 0x00007ffed0a8f000 	C:\Program Files\Java\jdk1.8.0_201\jre\bin\verify.dll
0x00007ffeac190000 - 0x00007ffeac1b9000 	C:\Program Files\Java\jdk1.8.0_201\jre\bin\java.dll
0x00007ffec2850000 - 0x00007ffec2866000 	C:\Program Files\Java\jdk1.8.0_201\jre\bin\zip.dll
0x00007ffed8650000 - 0x00007ffed9b40000 	C:\WINDOWS\System32\SHELL32.dll
0x00007ffed9c10000 - 0x00007ffed9cb8000 	C:\WINDOWS\System32\shcore.dll
0x00007ffed74e0000 - 0x00007ffed7c2a000 	C:\WINDOWS\System32\windows.storage.dll
0x00007ffed74b0000 - 0x00007ffed74d4000 	C:\WINDOWS\System32\profapi.dll
0x00007ffed7430000 - 0x00007ffed748d000 	C:\WINDOWS\System32\powrprof.dll
0x00007ffeda500000 - 0x00007ffeda552000 	C:\WINDOWS\System32\shlwapi.dll
0x00007ffed7410000 - 0x00007ffed7421000 	C:\WINDOWS\System32\kernel.appcore.dll
0x00007ffed7f20000 - 0x00007ffed7f37000 	C:\WINDOWS\System32\cryptsp.dll
0x00007ffecf4c0000 - 0x00007ffecf4ca000 	C:\Program Files\apache-maven-3.6.0\lib\jansi-native\windows64\jansi.dll

VM Arguments:
jvm_args: -Dclassworlds.conf=C:\Program Files\apache-maven-3.6.0\bin\..\bin\m2.conf -Dmaven.home=C:\Program Files\apache-maven-3.6.0\bin\.. -Dlibrary.jansi.path=C:\Program Files\apache-maven-3.6.0\bin\..\lib\jansi-native -Dmaven.multiModuleProjectDirectory=C:\Users\robin\projects\sts\g-end 
java_command: org.codehaus.plexus.classworlds.launcher.Launcher clean install
java_class_path (initial): C:\Program Files\apache-maven-3.6.0\bin\..\boot\plexus-classworlds-2.5.2.jar
Launcher Type: SUN_STANDARD

Environment Variables:
JAVA_HOME=C:\Program Files\Java\jdk1.8.0_201
USERNAME=robin
OS=Windows_NT
PROCESSOR_IDENTIFIER=Intel64 Family 6 Model 158 Stepping 9, GenuineIntel



---------------  S Y S T E M  ---------------

OS: Windows 10.0 , 64 bit Build 17763 (10.0.17763.437)

CPU:total 8 (initial active 8) (4 cores per cpu, 2 threads per core) family 6 model 158 stepping 9, cmov, cx8, fxsr, mmx, sse, sse2, sse3, ssse3, sse4.1, sse4.2, popcnt, avx, avx2, aes, clmul, erms, 3dnowpref, lzcnt, ht, tsc, tscinvbit, bmi1, bmi2, adx

Memory: 4k page, physical 16625656k(6913284k free), swap 17674232k(5432k free)

vm_info: Java HotSpot(TM) 64-Bit Server VM (25.201-b09) for windows-amd64 JRE (1.8.0_201-b09), built on Dec 15 2018 18:36:39 by "java_re" with MS VC++ 10.0 (VS2010)

time: Sun May 05 19:27:17 2019
timezone: Västeuropa, sommartid
elapsed time: 0 seconds (0d 0h 0m 0s)

